   Compiling p2panda-spaces v0.1.0 (/home/michael/gitfork/p2panda/p2panda-spaces)
   Compiling dashchat-node v0.1.0 (/home/michael/proj/p2pandashchat/dashchat-node)
warning: unused import: `std::time::Duration`
 --> src/chat/tests.rs:1:5
  |
1 | use std::time::Duration;
  |     ^^^^^^^^^^^^^^^^^^^
  |
  = note: `#[warn(unused_imports)]` (part of `#[warn(unused)]`) on by default

warning: unused import: `p2panda_auth::Access`
 --> src/chat/tests.rs:3:5
  |
3 | use p2panda_auth::Access;
  |     ^^^^^^^^^^^^^^^^^^^^

warning: unused imports: `ChatMessage`, `InvitationMessage`, `Payload`, `SpaceControlMessage`, `SpacesArgs`, `TestNode`, and `wait_for`
  --> src/chat/tests.rs:7:5
   |
 7 |     ChatMessage, InvitationMessage, Payload,
   |     ^^^^^^^^^^^  ^^^^^^^^^^^^^^^^^  ^^^^^^^
 8 |     network::Topic,
 9 |     spaces::{SpaceControlMessage, SpacesArgs},
   |              ^^^^^^^^^^^^^^^^^^^  ^^^^^^^^^^
10 |     testing::{TestNode, wait_for},
   |               ^^^^^^^^  ^^^^^^^^

warning: unused import: `p2panda_spaces::member::Member`
 --> src/friend.rs:2:5
  |
2 | use p2panda_spaces::member::Member;
  |     ^^^^^^^^^^^^^^^^^^^^^^^^^^^^^^

warning: unused import: `Cbor`
 --> src/node/author_operation.rs:4:21
  |
4 | use crate::{AsBody, Cbor, ShortId, operation::Payload};
  |                     ^^^^

warning: unused import: `SpacesArgs`
  --> src/node/stream_processing.rs:14:23
   |
14 |     spaces::{ArgType, SpacesArgs},
   |                       ^^^^^^^^^^

warning: unused import: `bail`
 --> src/node.rs:8:39
  |
8 | use anyhow::{Context, Result, anyhow, bail};
  |                                       ^^^^

warning: unused import: `DecodeError`
  --> src/node.rs:10:26
   |
10 | use p2panda_core::cbor::{DecodeError, encode_cbor};
   |                          ^^^^^^^^^^^

warning: unused import: `Body`
  --> src/node.rs:11:20
   |
11 | use p2panda_core::{Body, Header, PrivateKey};
   |                    ^^^^

warning: unused imports: `SpaceControlMessage` and `SpacesArgs`
  --> src/node.rs:37:45
   |
37 | use crate::spaces::{DashManager, DashSpace, SpaceControlMessage, SpacesArgs, SpacesStore};
   |                                             ^^^^^^^^^^^^^^^^^^^  ^^^^^^^^^^

warning: unused import: `crate::util::ResultExt`
  --> src/node.rs:38:5
   |
38 | use crate::util::ResultExt;
   |     ^^^^^^^^^^^^^^^^^^^^^^

warning: unused variable: `control_message`
  --> src/spaces/control_message.rs:49:17
   |
49 |                 control_message,
   |                 ^^^^^^^^^^^^^^^ help: try ignoring the field: `control_message: _`
   |
   = note: `#[warn(unused_variables)]` (part of `#[warn(unused)]`) on by default

warning: unused variable: `auth_dependencies`
  --> src/spaces/control_message.rs:50:17
   |
50 |                 auth_dependencies,
   |                 ^^^^^^^^^^^^^^^^^ help: try ignoring the field: `auth_dependencies: _`

warning: unused variable: `space_id`
  --> src/spaces/control_message.rs:53:17
   |
53 |                 space_id,
   |                 ^^^^^^^^ help: try ignoring the field: `space_id: _`

warning: unused variable: `group_id`
  --> src/spaces/control_message.rs:54:17
   |
54 |                 group_id,
   |                 ^^^^^^^^ help: try ignoring the field: `group_id: _`

warning: unused variable: `space_dependencies`
  --> src/spaces/control_message.rs:55:17
   |
55 |                 space_dependencies,
   |                 ^^^^^^^^^^^^^^^^^^ help: try ignoring the field: `space_dependencies: _`

warning: unused variable: `auth_message_id`
  --> src/spaces/control_message.rs:56:17
   |
56 |                 auth_message_id,
   |                 ^^^^^^^^^^^^^^^ help: try ignoring the field: `auth_message_id: _`

warning: unused variable: `direct_messages`
  --> src/spaces/control_message.rs:57:17
   |
57 |                 direct_messages,
   |                 ^^^^^^^^^^^^^^^ help: try ignoring the field: `direct_messages: _`

warning: unused variable: `space_id`
  --> src/spaces/control_message.rs:60:17
   |
60 |                 space_id,
   |                 ^^^^^^^^ help: try ignoring the field: `space_id: _`

warning: unused variable: `group_id`
  --> src/spaces/control_message.rs:61:17
   |
61 |                 group_id,
   |                 ^^^^^^^^ help: try ignoring the field: `group_id: _`

warning: unused variable: `space_dependencies`
  --> src/spaces/control_message.rs:62:17
   |
62 |                 space_dependencies,
   |                 ^^^^^^^^^^^^^^^^^^ help: try ignoring the field: `space_dependencies: _`

warning: unused variable: `space_id`
  --> src/spaces/control_message.rs:65:17
   |
65 |                 space_id,
   |                 ^^^^^^^^ help: try ignoring the field: `space_id: _`

warning: unused variable: `space_dependencies`
  --> src/spaces/control_message.rs:66:17
   |
66 |                 space_dependencies,
   |                 ^^^^^^^^^^^^^^^^^^ help: try ignoring the field: `space_dependencies: _`

warning: unused variable: `group_secret_id`
  --> src/spaces/control_message.rs:67:17
   |
67 |                 group_secret_id,
   |                 ^^^^^^^^^^^^^^^ help: try ignoring the field: `group_secret_id: _`

warning: unused variable: `nonce`
  --> src/spaces/control_message.rs:68:17
   |
68 |                 nonce,
   |                 ^^^^^ help: try ignoring the field: `nonce: _`

warning: unused variable: `ciphertext`
  --> src/spaces/control_message.rs:69:17
   |
69 |                 ciphertext,
   |                 ^^^^^^^^^^ help: try ignoring the field: `ciphertext: _`

warning: field `last_seq_num` is never read
  --> src/chat.rs:28:16
   |
18 | pub struct Chat {
   |            ---- field in this struct
...
28 |     pub(crate) last_seq_num: HashMap<PK, u64>,
   |                ^^^^^^^^^^^^
   |
   = note: `Chat` has derived impls for the traits `Debug` and `Clone`, but these are intentionally ignored during dead code analysis
   = note: `#[warn(dead_code)]` (part of `#[warn(unused)]`) on by default

warning: constant `TRACING_FILTER` is never used
  --> src/chat/tests.rs:92:7
   |
92 | const TRACING_FILTER: &str = "dashchat=info,p2panda_auth=warn,p2panda_spaces=warn";
   |       ^^^^^^^^^^^^^^

warning: function `introduce` is never used
   --> src/chat/tests.rs:225:10
    |
225 | async fn introduce(networks: impl IntoIterator<Item = &Network<Topic>>) {
    |          ^^^^^^^^^

warning: field `config` is never read
  --> src/node.rs:67:5
   |
59 | pub struct Node {
   |            ---- field in this struct
...
67 |     config: NodeConfig,
   |     ^^^^^^
   |
   = note: `Node` has derived impls for the traits `Debug` and `Clone`, but these are intentionally ignored during dead code analysis

warning: type alias `DashGroup` is never used
  --> src/spaces.rs:28:10
   |
28 | pub type DashGroup = p2panda_spaces::group::Group<
   |          ^^^^^^^^^

warning: type alias `TestSpaceError` is never used
  --> src/spaces.rs:46:10
   |
46 | pub type TestSpaceError = SpaceError<
   |          ^^^^^^^^^^^^^^

warning: trait `ResultExt` is never used
 --> src/util.rs:1:11
  |
1 | pub trait ResultExt<T, E> {
  |           ^^^^^^^^^

warning: `dashchat-node` (lib) generated 33 warnings (run `cargo fix --lib -p dashchat-node` to apply 11 suggestions)
warning: unused imports: `ChatMessage`, `SpaceControlMessage`, and `SpacesArgs`
 --> src/chat/tests.rs:7:5
  |
7 |     ChatMessage, InvitationMessage, Payload,
  |     ^^^^^^^^^^^
8 |     network::Topic,
9 |     spaces::{SpaceControlMessage, SpacesArgs},
  |              ^^^^^^^^^^^^^^^^^^^  ^^^^^^^^^^
  |
  = note: `#[warn(unused_imports)]` (part of `#[warn(unused)]`) on by default

warning: unused variable: `alice_rx`
  --> src/chat/tests.rs:18:21
   |
18 |     let (alice, mut alice_rx) = TestNode::new().await;
   |                     ^^^^^^^^ help: if this is intentional, prefix it with an underscore: `_alice_rx`
   |
   = note: `#[warn(unused_variables)]` (part of `#[warn(unused)]`) on by default

warning: variable does not need to be mutable
  --> src/chat/tests.rs:18:17
   |
18 |     let (alice, mut alice_rx) = TestNode::new().await;
   |                 ----^^^^^^^^
   |                 |
   |                 help: remove this `mut`
   |
   = note: `#[warn(unused_mut)]` (part of `#[warn(unused)]`) on by default

warning: unused variable: `alice_rx`
  --> src/chat/tests.rs:98:21
   |
98 |     let (alice, mut alice_rx) = TestNode::new().await;
   |                     ^^^^^^^^ help: if this is intentional, prefix it with an underscore: `_alice_rx`

warning: unused variable: `bob_rx`
  --> src/chat/tests.rs:99:19
   |
99 |     let (bob, mut bob_rx) = TestNode::new().await;
   |                   ^^^^^^ help: if this is intentional, prefix it with an underscore: `_bob_rx`

warning: unused variable: `carol_rx`
   --> src/chat/tests.rs:100:21
    |
100 |     let (carol, mut carol_rx) = TestNode::new().await;
    |                     ^^^^^^^^ help: if this is intentional, prefix it with an underscore: `_carol_rx`

warning: variable does not need to be mutable
  --> src/chat/tests.rs:98:17
   |
98 |     let (alice, mut alice_rx) = TestNode::new().await;
   |                 ----^^^^^^^^
   |                 |
   |                 help: remove this `mut`

warning: variable does not need to be mutable
  --> src/chat/tests.rs:99:15
   |
99 |     let (bob, mut bob_rx) = TestNode::new().await;
   |               ----^^^^^^
   |               |
   |               help: remove this `mut`

warning: variable does not need to be mutable
   --> src/chat/tests.rs:100:17
    |
100 |     let (carol, mut carol_rx) = TestNode::new().await;
    |                 ----^^^^^^^^
    |                 |
    |                 help: remove this `mut`

warning: unused variable: `control_message`
  --> src/spaces/control_message.rs:49:17
   |
49 |                 control_message,
   |                 ^^^^^^^^^^^^^^^ help: try ignoring the field: `control_message: _`

warning: `dashchat-node` (lib test) generated 37 warnings (27 duplicates) (run `cargo fix --lib -p dashchat-node --tests` to apply 5 suggestions)
    Finished `test` profile [unoptimized + debuginfo] target(s) in 20.33s
     Running unittests src/lib.rs (target/debug/deps/dashchat_node-b88045a3c5aeb1dc)

running 1 test
=== NODES ===
alice:    PK|286bf6b0
bob:      PK|ff70743b
carol:    PK|a8bb2256
===   wait for up to 10s   ===
peers see each other
[2m2025-09-24T17:05:35.003816Z[0m [32m INFO[0m [1madd_friend[0m[1m{[0m[3mme[0m[2m=[0mPK|286bf6b0[1m}[0m[2m:[0m[1mauthor_operation[0m[2m:[0m [2mdashchat_node::node::stream_processing[0m[2m:[0m [2msrc/node/stream_processing.rs[0m[2m:[0m[2m187:[0m processed operation [3mhash[0m[2m=[0m"H|4eaed1b7"
[2m2025-09-24T17:05:35.024554Z[0m [32m INFO[0m [1madd_friend[0m[1m{[0m[3mme[0m[2m=[0mPK|ff70743b[1m}[0m[2m:[0m[1mauthor_operation[0m[2m:[0m [2mdashchat_node::node::stream_processing[0m[2m:[0m [2msrc/node/stream_processing.rs[0m[2m:[0m[2m187:[0m processed operation [3mhash[0m[2m=[0m"H|a4aadfb5"
[2m2025-09-24T17:05:35.047967Z[0m [32m INFO[0m [1madd_friend[0m[1m{[0m[3mme[0m[2m=[0mPK|ff70743b[1m}[0m[2m:[0m[1mauthor_operation[0m[2m:[0m [2mdashchat_node::node::stream_processing[0m[2m:[0m [2msrc/node/stream_processing.rs[0m[2m:[0m[2m187:[0m processed operation [3mhash[0m[2m=[0m"H|30852663"
[2m2025-09-24T17:05:35.066877Z[0m [32m INFO[0m [1madd_friend[0m[1m{[0m[3mme[0m[2m=[0mPK|a8bb2256[1m}[0m[2m:[0m[1mauthor_operation[0m[2m:[0m [2mdashchat_node::node::stream_processing[0m[2m:[0m [2msrc/node/stream_processing.rs[0m[2m:[0m[2m187:[0m processed operation [3mhash[0m[2m=[0m"H|ce21dc42"
[2m2025-09-24T17:05:35.087861Z[0m [32m INFO[0m [1madd_friend[0m[1m{[0m[3mme[0m[2m=[0mPK|286bf6b0[1m}[0m[2m:[0m[1mauthor_operation[0m[2m:[0m [2mdashchat_node::node::stream_processing[0m[2m:[0m [2msrc/node/stream_processing.rs[0m[2m:[0m[2m187:[0m processed operation [3mhash[0m[2m=[0m"H|1da1259d"
[2m2025-09-24T17:05:35.107368Z[0m [32m INFO[0m [1madd_friend[0m[1m{[0m[3mme[0m[2m=[0mPK|a8bb2256[1m}[0m[2m:[0m[1mauthor_operation[0m[2m:[0m [2mdashchat_node::node::stream_processing[0m[2m:[0m [2msrc/node/stream_processing.rs[0m[2m:[0m[2m187:[0m processed operation [3mhash[0m[2m=[0m"H|21e673fa"
[2m2025-09-24T17:05:35.131427Z[0m [32m INFO[0m [1mcreate_group[0m[1m{[0m[3mme[0m[2m=[0mPK|286bf6b0[1m}[0m[2m:[0m[1mauthor_operation[0m[2m:[0m [2mdashchat_node::node::stream_processing[0m[2m:[0m [2msrc/node/stream_processing.rs[0m[2m:[0m[2m226:[0m processing space msgs [3mtypes[0m[2m=[0m[Auth, SpaceMembership]
[2m2025-09-24T17:05:35.131745Z[0m [32m INFO[0m [1mcreate_group[0m[1m{[0m[3mme[0m[2m=[0mPK|286bf6b0[1m}[0m[2m:[0m[1mauthor_operation[0m[2m:[0m [2mdashchat_node::node::stream_processing[0m[2m:[0m [2msrc/node/stream_processing.rs[0m[2m:[0m[2m231:[0m skipping
[2m2025-09-24T17:05:35.131884Z[0m [32m INFO[0m [1mcreate_group[0m[1m{[0m[3mme[0m[2m=[0mPK|286bf6b0[1m}[0m[2m:[0m[1mauthor_operation[0m[2m:[0m [2mdashchat_node::node::stream_processing[0m[2m:[0m [2msrc/node/stream_processing.rs[0m[2m:[0m[2m231:[0m skipping
[2m2025-09-24T17:05:35.132032Z[0m [32m INFO[0m [1mcreate_group[0m[1m{[0m[3mme[0m[2m=[0mPK|286bf6b0[1m}[0m[2m:[0m[1mauthor_operation[0m[2m:[0m [2mdashchat_node::node::stream_processing[0m[2m:[0m [2msrc/node/stream_processing.rs[0m[2m:[0m[2m187:[0m processed operation [3mhash[0m[2m=[0m"H|9824f837"
[2m2025-09-24T17:05:35.139812Z[0m [32m INFO[0m [1mnew[0m[1m{[0m[3mme[0m[2m=[0mPK|ff70743b[1m}[0m[2m:[0m[1mstream_process_loop[0m[1m{[0m[3mtopic[0m[2m=[0m"Inbox(PK|ff70743b)"[1m}[0m[2m:[0m [2mdashchat_node::node::stream_processing[0m[2m:[0m [2msrc/node/stream_processing.rs[0m[2m:[0m[2m187:[0m processed operation [3mhash[0m[2m=[0m"H|4eaed1b7"
[2m2025-09-24T17:05:35.153163Z[0m [32m INFO[0m [1mnew[0m[1m{[0m[3mme[0m[2m=[0mPK|a8bb2256[1m}[0m[2m:[0m[1mstream_process_loop[0m[1m{[0m[3mtopic[0m[2m=[0m"Inbox(PK|a8bb2256)"[1m}[0m[2m:[0m [2mdashchat_node::node::stream_processing[0m[2m:[0m [2msrc/node/stream_processing.rs[0m[2m:[0m[2m187:[0m processed operation [3mhash[0m[2m=[0m"H|30852663"
[2m2025-09-24T17:05:35.153791Z[0m [32m INFO[0m [1mnew[0m[1m{[0m[3mme[0m[2m=[0mPK|286bf6b0[1m}[0m[2m:[0m[1mstream_process_loop[0m[1m{[0m[3mtopic[0m[2m=[0m"Inbox(PK|286bf6b0)"[1m}[0m[2m:[0m [2mdashchat_node::node::stream_processing[0m[2m:[0m [2msrc/node/stream_processing.rs[0m[2m:[0m[2m187:[0m processed operation [3mhash[0m[2m=[0m"H|a4aadfb5"
[2m2025-09-24T17:05:35.179124Z[0m [32m INFO[0m [1madd_member[0m[1m{[0m[3mme[0m[2m=[0mPK|286bf6b0[1m}[0m[2m:[0m[1mauthor_operation[0m[2m:[0m [2mdashchat_node::node::stream_processing[0m[2m:[0m [2msrc/node/stream_processing.rs[0m[2m:[0m[2m187:[0m processed operation [3mhash[0m[2m=[0m"H|cb6b93c9"
[2m2025-09-24T17:05:35.183203Z[0m [32m INFO[0m [1mnew[0m[1m{[0m[3mme[0m[2m=[0mPK|a8bb2256[1m}[0m[2m:[0m[1mstream_process_loop[0m[1m{[0m[3mtopic[0m[2m=[0m"Inbox(PK|a8bb2256)"[1m}[0m[2m:[0m [2mdashchat_node::node::stream_processing[0m[2m:[0m [2msrc/node/stream_processing.rs[0m[2m:[0m[2m187:[0m processed operation [3mhash[0m[2m=[0m"H|1da1259d"
[2m2025-09-24T17:05:35.201161Z[0m [32m INFO[0m [1madd_member[0m[1m{[0m[3mme[0m[2m=[0mPK|286bf6b0[1m}[0m[2m:[0m[1mauthor_operation[0m[2m:[0m [2mdashchat_node::node::stream_processing[0m[2m:[0m [2msrc/node/stream_processing.rs[0m[2m:[0m[2m226:[0m processing space msgs [3mtypes[0m[2m=[0m[Auth, SpaceMembership]
[2m2025-09-24T17:05:35.201291Z[0m [32m INFO[0m [1madd_member[0m[1m{[0m[3mme[0m[2m=[0mPK|286bf6b0[1m}[0m[2m:[0m[1mauthor_operation[0m[2m:[0m [2mdashchat_node::node::stream_processing[0m[2m:[0m [2msrc/node/stream_processing.rs[0m[2m:[0m[2m231:[0m skipping
[2m2025-09-24T17:05:35.201342Z[0m [32m INFO[0m [1madd_member[0m[1m{[0m[3mme[0m[2m=[0mPK|286bf6b0[1m}[0m[2m:[0m[1mauthor_operation[0m[2m:[0m [2mdashchat_node::node::stream_processing[0m[2m:[0m [2msrc/node/stream_processing.rs[0m[2m:[0m[2m231:[0m skipping
[2m2025-09-24T17:05:35.201418Z[0m [32m INFO[0m [1madd_member[0m[1m{[0m[3mme[0m[2m=[0mPK|286bf6b0[1m}[0m[2m:[0m[1mauthor_operation[0m[2m:[0m [2mdashchat_node::node::stream_processing[0m[2m:[0m [2msrc/node/stream_processing.rs[0m[2m:[0m[2m187:[0m processed operation [3mhash[0m[2m=[0m"H|866a485d"
[2m2025-09-24T17:05:35.201470Z[0m [32m INFO[0m [1madd_friend[0m[1m{[0m[3mme[0m[2m=[0mPK|286bf6b0[1m}[0m[2m:[0m[1mstream_process_loop[0m[1m{[0m[3mtopic[0m[2m=[0m"Inbox(PK|a8bb2256)"[1m}[0m[2m:[0m [2mdashchat_node::node::stream_processing[0m[2m:[0m [2msrc/node/stream_processing.rs[0m[2m:[0m[2m187:[0m processed operation [3mhash[0m[2m=[0m"H|30852663"
[2m2025-09-24T17:05:35.201602Z[0m [33m WARN[0m [1mnew[0m[1m{[0m[3mme[0m[2m=[0mPK|286bf6b0[1m}[0m[2m:[0m[1mstream_process_loop[0m[1m{[0m[3mtopic[0m[2m=[0m"Inbox(PK|286bf6b0)"[1m}[0m[2m:[0m [2mdashchat_node::node::stream_processing[0m[2m:[0m [2msrc/node/stream_processing.rs[0m[2m:[0m[2m103:[0m ingest: operation already exists [3mhash[0m[2m=[0m"H|a4aadfb5"
===   wait for up to 5s   ===
[2m2025-09-24T17:05:35.211706Z[0m [32m INFO[0m [1madd_friend[0m[1m{[0m[3mme[0m[2m=[0mPK|a8bb2256[1m}[0m[2m:[0m[1mstream_process_loop[0m[1m{[0m[3mtopic[0m[2m=[0m"Inbox(PK|ff70743b)"[1m}[0m[2m:[0m [2mdashchat_node::node::stream_processing[0m[2m:[0m [2msrc/node/stream_processing.rs[0m[2m:[0m[2m187:[0m processed operation [3mhash[0m[2m=[0m"H|4eaed1b7"
[2m2025-09-24T17:05:35.215763Z[0m [32m INFO[0m [1madd_friend[0m[1m{[0m[3mme[0m[2m=[0mPK|286bf6b0[1m}[0m[2m:[0m[1mstream_process_loop[0m[1m{[0m[3mtopic[0m[2m=[0m"Inbox(PK|ff70743b)"[1m}[0m[2m:[0m [2mdashchat_node::node::stream_processing[0m[2m:[0m [2msrc/node/stream_processing.rs[0m[2m:[0m[2m187:[0m processed operation [3mhash[0m[2m=[0m"H|ce21dc42"
[2m2025-09-24T17:05:35.218305Z[0m [32m INFO[0m [1mnew[0m[1m{[0m[3mme[0m[2m=[0mPK|ff70743b[1m}[0m[2m:[0m[1mstream_process_loop[0m[1m{[0m[3mtopic[0m[2m=[0m"Inbox(PK|ff70743b)"[1m}[0m[2m:[0m [2mdashchat_node::node::stream_processing[0m[2m:[0m [2msrc/node/stream_processing.rs[0m[2m:[0m[2m187:[0m processed operation [3mhash[0m[2m=[0m"H|cb6b93c9"
[2m2025-09-24T17:05:35.225681Z[0m [32m INFO[0m [1madd_friend[0m[1m{[0m[3mme[0m[2m=[0mPK|ff70743b[1m}[0m[2m:[0m[1mstream_process_loop[0m[1m{[0m[3mtopic[0m[2m=[0m"Inbox(PK|a8bb2256)"[1m}[0m[2m:[0m [2mdashchat_node::node::stream_processing[0m[2m:[0m [2msrc/node/stream_processing.rs[0m[2m:[0m[2m187:[0m processed operation [3mhash[0m[2m=[0m"H|1da1259d"
[2m2025-09-24T17:05:35.229112Z[0m [32m INFO[0m [1madd_friend[0m[1m{[0m[3mme[0m[2m=[0mPK|a8bb2256[1m}[0m[2m:[0m[1mstream_process_loop[0m[1m{[0m[3mtopic[0m[2m=[0m"Inbox(PK|ff70743b)"[1m}[0m[2m:[0m [2mdashchat_node::node::stream_processing[0m[2m:[0m [2msrc/node/stream_processing.rs[0m[2m:[0m[2m187:[0m processed operation [3mhash[0m[2m=[0m"H|cb6b93c9"
[2m2025-09-24T17:05:35.243314Z[0m [33m WARN[0m [1madd_friend[0m[1m{[0m[3mme[0m[2m=[0mPK|286bf6b0[1m}[0m[2m:[0m[1mstream_process_loop[0m[1m{[0m[3mtopic[0m[2m=[0m"Inbox(PK|ff70743b)"[1m}[0m[2m:[0m [2mdashchat_node::node::stream_processing[0m[2m:[0m [2msrc/node/stream_processing.rs[0m[2m:[0m[2m103:[0m ingest: operation already exists [3mhash[0m[2m=[0m"H|ce21dc42"
[2m2025-09-24T17:05:35.248103Z[0m [33m WARN[0m [1madd_friend[0m[1m{[0m[3mme[0m[2m=[0mPK|a8bb2256[1m}[0m[2m:[0m[1mstream_process_loop[0m[1m{[0m[3mtopic[0m[2m=[0m"Inbox(PK|ff70743b)"[1m}[0m[2m:[0m [2mdashchat_node::node::stream_processing[0m[2m:[0m [2msrc/node/stream_processing.rs[0m[2m:[0m[2m103:[0m ingest: operation already exists [3mhash[0m[2m=[0m"H|cb6b93c9"
[2m2025-09-24T17:05:35.267652Z[0m [33m WARN[0m [1madd_friend[0m[1m{[0m[3mme[0m[2m=[0mPK|a8bb2256[1m}[0m[2m:[0m[1mstream_process_loop[0m[1m{[0m[3mtopic[0m[2m=[0m"Inbox(PK|ff70743b)"[1m}[0m[2m:[0m [2mdashchat_node::node::stream_processing[0m[2m:[0m [2msrc/node/stream_processing.rs[0m[2m:[0m[2m103:[0m ingest: operation already exists [3mhash[0m[2m=[0m"H|4eaed1b7"
[2m2025-09-24T17:05:35.269597Z[0m [32m INFO[0m [1madd_friend[0m[1m{[0m[3mme[0m[2m=[0mPK|a8bb2256[1m}[0m[2m:[0m[1mstream_process_loop[0m[1m{[0m[3mtopic[0m[2m=[0m"Inbox(PK|286bf6b0)"[1m}[0m[2m:[0m [2mdashchat_node::node::stream_processing[0m[2m:[0m [2msrc/node/stream_processing.rs[0m[2m:[0m[2m187:[0m processed operation [3mhash[0m[2m=[0m"H|a4aadfb5"
[2m2025-09-24T17:05:35.273547Z[0m [32m INFO[0m [1mnew[0m[1m{[0m[3mme[0m[2m=[0mPK|286bf6b0[1m}[0m[2m:[0m[1mstream_process_loop[0m[1m{[0m[3mtopic[0m[2m=[0m"Inbox(PK|286bf6b0)"[1m}[0m[2m:[0m [2mdashchat_node::node::stream_processing[0m[2m:[0m [2msrc/node/stream_processing.rs[0m[2m:[0m[2m187:[0m processed operation [3mhash[0m[2m=[0m"H|21e673fa"
[2m2025-09-24T17:05:35.288957Z[0m [33m WARN[0m [1madd_friend[0m[1m{[0m[3mme[0m[2m=[0mPK|a8bb2256[1m}[0m[2m:[0m[1mstream_process_loop[0m[1m{[0m[3mtopic[0m[2m=[0m"Inbox(PK|ff70743b)"[1m}[0m[2m:[0m [2mdashchat_node::node::stream_processing[0m[2m:[0m [2msrc/node/stream_processing.rs[0m[2m:[0m[2m103:[0m ingest: operation already exists [3mhash[0m[2m=[0m"H|cb6b93c9"
[2m2025-09-24T17:05:35.301848Z[0m [33m WARN[0m [1mnew[0m[1m{[0m[3mme[0m[2m=[0mPK|286bf6b0[1m}[0m[2m:[0m[1mstream_process_loop[0m[1m{[0m[3mtopic[0m[2m=[0m"Inbox(PK|286bf6b0)"[1m}[0m[2m:[0m [2mdashchat_node::node::stream_processing[0m[2m:[0m [2msrc/node/stream_processing.rs[0m[2m:[0m[2m103:[0m ingest: operation already exists [3mhash[0m[2m=[0m"H|21e673fa"
[2m2025-09-24T17:05:35.311754Z[0m [32m INFO[0m [1mnew[0m[1m{[0m[3mme[0m[2m=[0mPK|ff70743b[1m}[0m[2m:[0m[1mstream_process_loop[0m[1m{[0m[3mtopic[0m[2m=[0m"Inbox(PK|ff70743b)"[1m}[0m[2m:[0m [2mdashchat_node::node::stream_processing[0m[2m:[0m [2msrc/node/stream_processing.rs[0m[2m:[0m[2m187:[0m processed operation [3mhash[0m[2m=[0m"H|ce21dc42"
[2m2025-09-24T17:05:35.341896Z[0m [33m WARN[0m [1mnew[0m[1m{[0m[3mme[0m[2m=[0mPK|ff70743b[1m}[0m[2m:[0m[1mstream_process_loop[0m[1m{[0m[3mtopic[0m[2m=[0m"Inbox(PK|ff70743b)"[1m}[0m[2m:[0m [2mdashchat_node::node::stream_processing[0m[2m:[0m [2msrc/node/stream_processing.rs[0m[2m:[0m[2m103:[0m ingest: operation already exists [3mhash[0m[2m=[0m"H|ce21dc42"
[2m2025-09-24T17:05:35.358718Z[0m [32m INFO[0m [1madd_friend[0m[1m{[0m[3mme[0m[2m=[0mPK|ff70743b[1m}[0m[2m:[0m[1mstream_process_loop[0m[1m{[0m[3mtopic[0m[2m=[0m"Inbox(PK|286bf6b0)"[1m}[0m[2m:[0m [2mdashchat_node::node::stream_processing[0m[2m:[0m [2msrc/node/stream_processing.rs[0m[2m:[0m[2m187:[0m processed operation [3mhash[0m[2m=[0m"H|21e673fa"
[2m2025-09-24T17:05:35.387996Z[0m [33m WARN[0m [1madd_friend[0m[1m{[0m[3mme[0m[2m=[0mPK|ff70743b[1m}[0m[2m:[0m[1mstream_process_loop[0m[1m{[0m[3mtopic[0m[2m=[0m"Inbox(PK|286bf6b0)"[1m}[0m[2m:[0m [2mdashchat_node::node::stream_processing[0m[2m:[0m [2msrc/node/stream_processing.rs[0m[2m:[0m[2m103:[0m ingest: operation already exists [3mhash[0m[2m=[0m"H|21e673fa"
[2m2025-09-24T17:05:35.397491Z[0m [32m INFO[0m [1mjoin_group[0m[1m{[0m[3mme[0m[2m=[0mPK|ff70743b[1m}[0m[2m:[0m[1mstream_process_loop[0m[1m{[0m[3mtopic[0m[2m=[0m"Chat(ChatId|55efffe6)"[1m}[0m[2m:[0m [2mdashchat_node::node::stream_processing[0m[2m:[0m [2msrc/node/stream_processing.rs[0m[2m:[0m[2m226:[0m processing space msgs [3mtypes[0m[2m=[0m[Auth, SpaceMembership]
[2m2025-09-24T17:05:35.397693Z[0m [32m INFO[0m [1mjoin_group[0m[1m{[0m[3mme[0m[2m=[0mPK|ff70743b[1m}[0m[2m:[0m[1mstream_process_loop[0m[1m{[0m[3mtopic[0m[2m=[0m"Chat(ChatId|55efffe6)"[1m}[0m[2m:[0m [2mdashchat_node::node::stream_processing[0m[2m:[0m [2msrc/node/stream_processing.rs[0m[2m:[0m[2m234:[0m processing space msg [3margtype[0m[2m=[0mAuth [3mophash[0m[2m=[0m"912380beb33157cc0812362dfca758ce228e8eb1494b106dd87b194f639b3277"
[2m2025-09-24T17:05:35.398072Z[0m [32m INFO[0m [1mjoin_group[0m[1m{[0m[3mme[0m[2m=[0mPK|ff70743b[1m}[0m[2m:[0m[1mstream_process_loop[0m[1m{[0m[3mtopic[0m[2m=[0m"Chat(ChatId|55efffe6)"[1m}[0m[2m:[0m [2mdashchat_node::node::stream_processing[0m[2m:[0m [2msrc/node/stream_processing.rs[0m[2m:[0m[2m234:[0m processing space msg [3margtype[0m[2m=[0mSpaceMembership [3mophash[0m[2m=[0m"dd22e9fc332d63bd1269772e05daabee50306e9b414794a5d67b2d8c7ad05ff2"
[2m2025-09-24T17:05:35.398706Z[0m [32m INFO[0m [1mjoin_group[0m[1m{[0m[3mme[0m[2m=[0mPK|ff70743b[1m}[0m[2m:[0m[1mstream_process_loop[0m[1m{[0m[3mtopic[0m[2m=[0m"Chat(ChatId|55efffe6)"[1m}[0m[2m:[0m [2mdashchat_node::node::stream_processing[0m[2m:[0m [2msrc/node/stream_processing.rs[0m[2m:[0m[2m187:[0m processed operation [3mhash[0m[2m=[0m"H|9824f837"
[2m2025-09-24T17:05:35.430666Z[0m [32m INFO[0m [1mjoin_group[0m[1m{[0m[3mme[0m[2m=[0mPK|ff70743b[1m}[0m[2m:[0m[1mstream_process_loop[0m[1m{[0m[3mtopic[0m[2m=[0m"Chat(ChatId|55efffe6)"[1m}[0m[2m:[0m [2mdashchat_node::node::stream_processing[0m[2m:[0m [2msrc/node/stream_processing.rs[0m[2m:[0m[2m226:[0m processing space msgs [3mtypes[0m[2m=[0m[Auth, SpaceMembership]
[2m2025-09-24T17:05:35.430868Z[0m [32m INFO[0m [1mjoin_group[0m[1m{[0m[3mme[0m[2m=[0mPK|ff70743b[1m}[0m[2m:[0m[1mstream_process_loop[0m[1m{[0m[3mtopic[0m[2m=[0m"Chat(ChatId|55efffe6)"[1m}[0m[2m:[0m [2mdashchat_node::node::stream_processing[0m[2m:[0m [2msrc/node/stream_processing.rs[0m[2m:[0m[2m234:[0m processing space msg [3margtype[0m[2m=[0mAuth [3mophash[0m[2m=[0m"14121687313352df35a5b090a92b3aa1cd9afe5b4116b11ebe478ba0361cd4b2"
[2m2025-09-24T17:05:35.431429Z[0m [32m INFO[0m [1mjoin_group[0m[1m{[0m[3mme[0m[2m=[0mPK|ff70743b[1m}[0m[2m:[0m[1mstream_process_loop[0m[1m{[0m[3mtopic[0m[2m=[0m"Chat(ChatId|55efffe6)"[1m}[0m[2m:[0m [2mdashchat_node::node::stream_processing[0m[2m:[0m [2msrc/node/stream_processing.rs[0m[2m:[0m[2m234:[0m processing space msg [3margtype[0m[2m=[0mSpaceMembership [3mophash[0m[2m=[0m"51baa53c5b9a72663d2ad9efcefb9206a96314b29d7a2e0890cf2b92f7f89328"
[2m2025-09-24T17:05:35.436415Z[0m [32m INFO[0m [1mjoin_group[0m[1m{[0m[3mme[0m[2m=[0mPK|ff70743b[1m}[0m[2m:[0m[1mstream_process_loop[0m[1m{[0m[3mtopic[0m[2m=[0m"Chat(ChatId|55efffe6)"[1m}[0m[2m:[0m [2mdashchat_node::node::stream_processing[0m[2m:[0m [2msrc/node/stream_processing.rs[0m[2m:[0m[2m187:[0m processed operation [3mhash[0m[2m=[0m"H|866a485d"
[2m2025-09-24T17:05:35.528343Z[0m [32m INFO[0m [1msend_message[0m[1m{[0m[3mme[0m[2m=[0mPK|286bf6b0[1m}[0m[2m:[0m[1mauthor_operation[0m[2m:[0m [2mdashchat_node::node::stream_processing[0m[2m:[0m [2msrc/node/stream_processing.rs[0m[2m:[0m[2m226:[0m processing space msgs [3mtypes[0m[2m=[0m[Application]
[2m2025-09-24T17:05:35.528466Z[0m [32m INFO[0m [1msend_message[0m[1m{[0m[3mme[0m[2m=[0mPK|286bf6b0[1m}[0m[2m:[0m[1mauthor_operation[0m[2m:[0m [2mdashchat_node::node::stream_processing[0m[2m:[0m [2msrc/node/stream_processing.rs[0m[2m:[0m[2m234:[0m processing space msg [3margtype[0m[2m=[0mApplication [3mophash[0m[2m=[0m"951e2b5a6b6b740eb9d4a1744f2374be0f20ca1de07f90570d729eafbacf4a4d"
[2m2025-09-24T17:05:35.529117Z[0m [32m INFO[0m [1msend_message[0m[1m{[0m[3mme[0m[2m=[0mPK|286bf6b0[1m}[0m[2m:[0m[1mauthor_operation[0m[2m:[0m [2mdashchat_node::node::stream_processing[0m[2m:[0m [2msrc/node/stream_processing.rs[0m[2m:[0m[2m187:[0m processed operation [3mhash[0m[2m=[0m"H|e05b6cfc"
[2m2025-09-24T17:05:35.551780Z[0m [32m INFO[0m [1msend_message[0m[1m{[0m[3mme[0m[2m=[0mPK|ff70743b[1m}[0m[2m:[0m[1mauthor_operation[0m[2m:[0m [2mdashchat_node::node::stream_processing[0m[2m:[0m [2msrc/node/stream_processing.rs[0m[2m:[0m[2m226:[0m processing space msgs [3mtypes[0m[2m=[0m[Application]
[2m2025-09-24T17:05:35.551886Z[0m [32m INFO[0m [1msend_message[0m[1m{[0m[3mme[0m[2m=[0mPK|ff70743b[1m}[0m[2m:[0m[1mauthor_operation[0m[2m:[0m [2mdashchat_node::node::stream_processing[0m[2m:[0m [2msrc/node/stream_processing.rs[0m[2m:[0m[2m234:[0m processing space msg [3margtype[0m[2m=[0mApplication [3mophash[0m[2m=[0m"07e25454d10b3206a3d4c778dbec6d08277ee40709b04f24de29cf86531f4372"
[2m2025-09-24T17:05:35.552468Z[0m [32m INFO[0m [1msend_message[0m[1m{[0m[3mme[0m[2m=[0mPK|ff70743b[1m}[0m[2m:[0m[1mauthor_operation[0m[2m:[0m [2mdashchat_node::node::stream_processing[0m[2m:[0m [2msrc/node/stream_processing.rs[0m[2m:[0m[2m187:[0m processed operation [3mhash[0m[2m=[0m"H|2624f492"
[2m2025-09-24T17:05:35.553720Z[0m [32m INFO[0m [1mjoin_group[0m[1m{[0m[3mme[0m[2m=[0mPK|ff70743b[1m}[0m[2m:[0m[1mstream_process_loop[0m[1m{[0m[3mtopic[0m[2m=[0m"Chat(ChatId|55efffe6)"[1m}[0m[2m:[0m [2mdashchat_node::node::stream_processing[0m[2m:[0m [2msrc/node/stream_processing.rs[0m[2m:[0m[2m226:[0m processing space msgs [3mtypes[0m[2m=[0m[Application]
[2m2025-09-24T17:05:35.553818Z[0m [32m INFO[0m [1mjoin_group[0m[1m{[0m[3mme[0m[2m=[0mPK|ff70743b[1m}[0m[2m:[0m[1mstream_process_loop[0m[1m{[0m[3mtopic[0m[2m=[0m"Chat(ChatId|55efffe6)"[1m}[0m[2m:[0m [2mdashchat_node::node::stream_processing[0m[2m:[0m [2msrc/node/stream_processing.rs[0m[2m:[0m[2m234:[0m processing space msg [3margtype[0m[2m=[0mApplication [3mophash[0m[2m=[0m"951e2b5a6b6b740eb9d4a1744f2374be0f20ca1de07f90570d729eafbacf4a4d"
[2m2025-09-24T17:05:35.573149Z[0m [32m INFO[0m [1mcreate_group[0m[1m{[0m[3mme[0m[2m=[0mPK|286bf6b0[1m}[0m[2m:[0m[1mstream_process_loop[0m[1m{[0m[3mtopic[0m[2m=[0m"Chat(ChatId|55efffe6)"[1m}[0m[2m:[0m [2mdashchat_node::node::stream_processing[0m[2m:[0m [2msrc/node/stream_processing.rs[0m[2m:[0m[2m226:[0m processing space msgs [3mtypes[0m[2m=[0m[Application]
[2m2025-09-24T17:05:35.573286Z[0m [32m INFO[0m [1mcreate_group[0m[1m{[0m[3mme[0m[2m=[0mPK|286bf6b0[1m}[0m[2m:[0m[1mstream_process_loop[0m[1m{[0m[3mtopic[0m[2m=[0m"Chat(ChatId|55efffe6)"[1m}[0m[2m:[0m [2mdashchat_node::node::stream_processing[0m[2m:[0m [2msrc/node/stream_processing.rs[0m[2m:[0m[2m234:[0m processing space msg [3margtype[0m[2m=[0mApplication [3mophash[0m[2m=[0m"07e25454d10b3206a3d4c778dbec6d08277ee40709b04f24de29cf86531f4372"
[2m2025-09-24T17:05:35.574617Z[0m [32m INFO[0m [1mcreate_group[0m[1m{[0m[3mme[0m[2m=[0mPK|286bf6b0[1m}[0m[2m:[0m[1mstream_process_loop[0m[1m{[0m[3mtopic[0m[2m=[0m"Chat(ChatId|55efffe6)"[1m}[0m[2m:[0m [2mdashchat_node::node::stream_processing[0m[2m:[0m [2msrc/node/stream_processing.rs[0m[2m:[0m[2m187:[0m processed operation [3mhash[0m[2m=[0m"H|2624f492"
[2m2025-09-24T17:05:35.580816Z[0m [32m INFO[0m [1mjoin_group[0m[1m{[0m[3mme[0m[2m=[0mPK|ff70743b[1m}[0m[2m:[0m[1mstream_process_loop[0m[1m{[0m[3mtopic[0m[2m=[0m"Chat(ChatId|55efffe6)"[1m}[0m[2m:[0m [2mdashchat_node::node::stream_processing[0m[2m:[0m [2msrc/node/stream_processing.rs[0m[2m:[0m[2m187:[0m processed operation [3mhash[0m[2m=[0m"H|e05b6cfc"
[2m2025-09-24T17:05:35.604999Z[0m [32m INFO[0m [1madd_member[0m[1m{[0m[3mme[0m[2m=[0mPK|ff70743b[1m}[0m[2m:[0m[1mauthor_operation[0m[2m:[0m [2mdashchat_node::node::stream_processing[0m[2m:[0m [2msrc/node/stream_processing.rs[0m[2m:[0m[2m187:[0m processed operation [3mhash[0m[2m=[0m"H|372c1010"
[2m2025-09-24T17:05:35.627500Z[0m [32m INFO[0m [1madd_friend[0m[1m{[0m[3mme[0m[2m=[0mPK|286bf6b0[1m}[0m[2m:[0m[1mstream_process_loop[0m[1m{[0m[3mtopic[0m[2m=[0m"Inbox(PK|a8bb2256)"[1m}[0m[2m:[0m [2mdashchat_node::node::stream_processing[0m[2m:[0m [2msrc/node/stream_processing.rs[0m[2m:[0m[2m187:[0m processed operation [3mhash[0m[2m=[0m"H|372c1010"
[2m2025-09-24T17:05:35.631213Z[0m [32m INFO[0m [1madd_member[0m[1m{[0m[3mme[0m[2m=[0mPK|ff70743b[1m}[0m[2m:[0m[1mauthor_operation[0m[2m:[0m [2mdashchat_node::node::stream_processing[0m[2m:[0m [2msrc/node/stream_processing.rs[0m[2m:[0m[2m226:[0m processing space msgs [3mtypes[0m[2m=[0m[Auth, SpaceMembership]
[2m2025-09-24T17:05:35.631319Z[0m [32m INFO[0m [1madd_member[0m[1m{[0m[3mme[0m[2m=[0mPK|ff70743b[1m}[0m[2m:[0m[1mauthor_operation[0m[2m:[0m [2mdashchat_node::node::stream_processing[0m[2m:[0m [2msrc/node/stream_processing.rs[0m[2m:[0m[2m231:[0m skipping
[2m2025-09-24T17:05:35.631344Z[0m [32m INFO[0m [1madd_member[0m[1m{[0m[3mme[0m[2m=[0mPK|ff70743b[1m}[0m[2m:[0m[1mauthor_operation[0m[2m:[0m [2mdashchat_node::node::stream_processing[0m[2m:[0m [2msrc/node/stream_processing.rs[0m[2m:[0m[2m231:[0m skipping
[2m2025-09-24T17:05:35.631383Z[0m [32m INFO[0m [1madd_member[0m[1m{[0m[3mme[0m[2m=[0mPK|ff70743b[1m}[0m[2m:[0m[1mauthor_operation[0m[2m:[0m [2mdashchat_node::node::stream_processing[0m[2m:[0m [2msrc/node/stream_processing.rs[0m[2m:[0m[2m187:[0m processed operation [3mhash[0m[2m=[0m"H|9cae0bdb"
===   wait for up to 10s   ===
[2m2025-09-24T17:05:35.657690Z[0m [32m INFO[0m [1mcreate_group[0m[1m{[0m[3mme[0m[2m=[0mPK|286bf6b0[1m}[0m[2m:[0m[1mstream_process_loop[0m[1m{[0m[3mtopic[0m[2m=[0m"Chat(ChatId|55efffe6)"[1m}[0m[2m:[0m [2mdashchat_node::node::stream_processing[0m[2m:[0m [2msrc/node/stream_processing.rs[0m[2m:[0m[2m226:[0m processing space msgs [3mtypes[0m[2m=[0m[Auth, SpaceMembership]
[2m2025-09-24T17:05:35.657812Z[0m [32m INFO[0m [1mcreate_group[0m[1m{[0m[3mme[0m[2m=[0mPK|286bf6b0[1m}[0m[2m:[0m[1mstream_process_loop[0m[1m{[0m[3mtopic[0m[2m=[0m"Chat(ChatId|55efffe6)"[1m}[0m[2m:[0m [2mdashchat_node::node::stream_processing[0m[2m:[0m [2msrc/node/stream_processing.rs[0m[2m:[0m[2m234:[0m processing space msg [3margtype[0m[2m=[0mAuth [3mophash[0m[2m=[0m"6b6acf4775afde76864ae4591e63b4659d240426ae252ddc2593d7a979709cac"
[2m2025-09-24T17:05:35.658206Z[0m [32m INFO[0m [1mcreate_group[0m[1m{[0m[3mme[0m[2m=[0mPK|286bf6b0[1m}[0m[2m:[0m[1mstream_process_loop[0m[1m{[0m[3mtopic[0m[2m=[0m"Chat(ChatId|55efffe6)"[1m}[0m[2m:[0m [2mdashchat_node::node::stream_processing[0m[2m:[0m [2msrc/node/stream_processing.rs[0m[2m:[0m[2m234:[0m processing space msg [3margtype[0m[2m=[0mSpaceMembership [3mophash[0m[2m=[0m"69455406b4f5fa8e55441dc583d526c6b262aebdc811946a73ce87f70da476ef"
[2m2025-09-24T17:05:35.658743Z[0m [32m INFO[0m [1mcreate_group[0m[1m{[0m[3mme[0m[2m=[0mPK|286bf6b0[1m}[0m[2m:[0m[1mstream_process_loop[0m[1m{[0m[3mtopic[0m[2m=[0m"Chat(ChatId|55efffe6)"[1m}[0m[2m:[0m [2mdashchat_node::node::stream_processing[0m[2m:[0m [2msrc/node/stream_processing.rs[0m[2m:[0m[2m187:[0m processed operation [3mhash[0m[2m=[0m"H|9cae0bdb"
[2m2025-09-24T17:05:38.972278Z[0m [32m INFO[0m [1mnew[0m[1m{[0m[3mme[0m[2m=[0mPK|a8bb2256[1m}[0m[2m:[0m[1mstream_process_loop[0m[1m{[0m[3mtopic[0m[2m=[0m"Inbox(PK|a8bb2256)"[1m}[0m[2m:[0m [2mdashchat_node::node::stream_processing[0m[2m:[0m [2msrc/node/stream_processing.rs[0m[2m:[0m[2m187:[0m processed operation [3mhash[0m[2m=[0m"H|372c1010"
[2m2025-09-24T17:05:38.989704Z[0m [33m WARN[0m [1mnew[0m[1m{[0m[3mme[0m[2m=[0mPK|a8bb2256[1m}[0m[2m:[0m[1mstream_process_loop[0m[1m{[0m[3mtopic[0m[2m=[0m"Inbox(PK|a8bb2256)"[1m}[0m[2m:[0m [2mdashchat_node::node::stream_processing[0m[2m:[0m [2msrc/node/stream_processing.rs[0m[2m:[0m[2m103:[0m ingest: operation already exists [3mhash[0m[2m=[0m"H|372c1010"
[2m2025-09-24T17:05:39.044440Z[0m [32m INFO[0m [1mjoin_group[0m[1m{[0m[3mme[0m[2m=[0mPK|a8bb2256[1m}[0m[2m:[0m[1mstream_process_loop[0m[1m{[0m[3mtopic[0m[2m=[0m"Chat(ChatId|55efffe6)"[1m}[0m[2m:[0m [2mdashchat_node::node::stream_processing[0m[2m:[0m [2msrc/node/stream_processing.rs[0m[2m:[0m[2m226:[0m processing space msgs [3mtypes[0m[2m=[0m[Application]
[2m2025-09-24T17:05:39.044606Z[0m [32m INFO[0m [1mjoin_group[0m[1m{[0m[3mme[0m[2m=[0mPK|a8bb2256[1m}[0m[2m:[0m[1mstream_process_loop[0m[1m{[0m[3mtopic[0m[2m=[0m"Chat(ChatId|55efffe6)"[1m}[0m[2m:[0m [2mdashchat_node::node::stream_processing[0m[2m:[0m [2msrc/node/stream_processing.rs[0m[2m:[0m[2m234:[0m processing space msg [3margtype[0m[2m=[0mApplication [3mophash[0m[2m=[0m"07e25454d10b3206a3d4c778dbec6d08277ee40709b04f24de29cf86531f4372"
[2m2025-09-24T17:05:39.044684Z[0m [31mERROR[0m [1mjoin_group[0m[1m{[0m[3mme[0m[2m=[0mPK|a8bb2256[1m}[0m[2m:[0m[1mstream_process_loop[0m[1m{[0m[3mtopic[0m[2m=[0m"Chat(ChatId|55efffe6)"[1m}[0m[2m:[0m [2mp2panda_spaces::manager[0m[2m:[0m [2m/home/michael/gitfork/p2panda/p2panda-spaces/src/manager.rs[0m[2m:[0m[2m240:[0m unexpected application message SpaceControlMessage { hash: Hash([7, 226, 84, 84, 209, 11, 50, 6, 163, 212, 199, 120, 219, 236, 109, 8, 39, 126, 228, 7, 9, 176, 79, 36, 222, 41, 207, 134, 83, 31, 67, 114]), author: ActorId(PublicKey([255, 112, 116, 59, 45, 182, 233, 168, 37, 16, 223, 22, 123, 251, 131, 165, 82, 17, 84, 197, 172, 138, 104, 70, 22, 45, 229, 145, 67, 100, 27, 126])), spaces_args: Application { space_id: ChatId|55efffe6, space_dependencies: [OperationId(Hash([81, 186, 165, 60, 91, 154, 114, 102, 61, 42, 217, 239, 206, 251, 146, 6, 169, 99, 20, 178, 157, 122, 46, 8, 144, 207, 43, 146, 247, 248, 147, 40]))], group_secret_id: [70, 186, 40, 157, 221, 157, 57, 180, 202, 211, 218, 5, 68, 246, 115, 96, 103, 191, 234, 79, 199, 190, 216, 39, 110, 8, 211, 199, 59, 228, 38, 106], nonce: [240, 161, 154, 157, 147, 252, 175, 148, 87, 18, 83, 51, 2, 249, 49, 7, 39, 247, 11, 8, 33, 160, 134, 97], ciphertext: [189, 22, 195, 23, 164, 15, 116, 5, 15, 127, 179, 118, 214, 160, 44, 51, 35, 96, 134, 98] } }
[2m2025-09-24T17:05:39.044827Z[0m [31mERROR[0m [1mjoin_group[0m[1m{[0m[3mme[0m[2m=[0mPK|a8bb2256[1m}[0m[2m:[0m[1mstream_process_loop[0m[1m{[0m[3mtopic[0m[2m=[0m"Chat(ChatId|55efffe6)"[1m}[0m[2m:[0m [2mdashchat_node::node::stream_processing[0m[2m:[0m [2msrc/node/stream_processing.rs[0m[2m:[0m[2m261:[0m space manager process error [3merr[0m[2m=[0mUnexpectedMessage(OperationId(Hash([7, 226, 84, 84, 209, 11, 50, 6, 163, 212, 199, 120, 219, 236, 109, 8, 39, 126, 228, 7, 9, 176, 79, 36, 222, 41, 207, 134, 83, 31, 67, 114])))
[2m2025-09-24T17:05:39.044871Z[0m [32m INFO[0m [1mjoin_group[0m[1m{[0m[3mme[0m[2m=[0mPK|a8bb2256[1m}[0m[2m:[0m[1mstream_process_loop[0m[1m{[0m[3mtopic[0m[2m=[0m"Chat(ChatId|55efffe6)"[1m}[0m[2m:[0m [2mdashchat_node::node::stream_processing[0m[2m:[0m [2msrc/node/stream_processing.rs[0m[2m:[0m[2m187:[0m processed operation [3mhash[0m[2m=[0m"H|2624f492"
[2m2025-09-24T17:05:39.066356Z[0m [32m INFO[0m [1mjoin_group[0m[1m{[0m[3mme[0m[2m=[0mPK|a8bb2256[1m}[0m[2m:[0m[1mstream_process_loop[0m[1m{[0m[3mtopic[0m[2m=[0m"Chat(ChatId|55efffe6)"[1m}[0m[2m:[0m [2mdashchat_node::node::stream_processing[0m[2m:[0m [2msrc/node/stream_processing.rs[0m[2m:[0m[2m226:[0m processing space msgs [3mtypes[0m[2m=[0m[Auth, SpaceMembership]
[2m2025-09-24T17:05:39.066462Z[0m [32m INFO[0m [1mjoin_group[0m[1m{[0m[3mme[0m[2m=[0mPK|a8bb2256[1m}[0m[2m:[0m[1mstream_process_loop[0m[1m{[0m[3mtopic[0m[2m=[0m"Chat(ChatId|55efffe6)"[1m}[0m[2m:[0m [2mdashchat_node::node::stream_processing[0m[2m:[0m [2msrc/node/stream_processing.rs[0m[2m:[0m[2m234:[0m processing space msg [3margtype[0m[2m=[0mAuth [3mophash[0m[2m=[0m"6b6acf4775afde76864ae4591e63b4659d240426ae252ddc2593d7a979709cac"
[2m2025-09-24T17:05:39.066705Z[0m [31mERROR[0m [1mjoin_group[0m[1m{[0m[3mme[0m[2m=[0mPK|a8bb2256[1m}[0m[2m:[0m[1mstream_process_loop[0m[1m{[0m[3mtopic[0m[2m=[0m"Chat(ChatId|55efffe6)"[1m}[0m[2m:[0m [2mp2panda_auth::group::crdt[0m[2m:[0m [2m/home/michael/gitfork/p2panda/p2panda-auth/src/group/crdt/mod.rs[0m[2m:[0m[2m636:[0m non-create action attempted on nonexistent group [3maction[0m[2m=[0mAdd { member: Individual(ActorId(PublicKey([168, 187, 34, 86, 161, 206, 255, 217, 144, 165, 239, 46, 116, 139, 60, 17, 236, 138, 81, 214, 150, 9, 252, 96, 46, 107, 185, 244, 210, 17, 177, 50]))), access: Access { conditions: None, level: Manage } }

thread 'tokio-runtime-worker' (1277372) panicked at /home/michael/gitfork/p2panda/p2panda-auth/src/group/crdt/mod.rs:637:13:
group is not present in states map
note: run with `RUST_BACKTRACE=1` environment variable to display a backtrace
[2m2025-09-24T17:05:39.383328Z[0m [33m WARN[0m [1madd_friend[0m[1m{[0m[3mme[0m[2m=[0mPK|a8bb2256[1m}[0m[2m:[0m[1mstream_process_loop[0m[1m{[0m[3mtopic[0m[2m=[0m"Inbox(PK|ff70743b)"[1m}[0m[2m:[0m [2mdashchat_node::node::stream_processing[0m[2m:[0m [2msrc/node/stream_processing.rs[0m[2m:[0m[2m149:[0m stream process loop ended
[2m2025-09-24T17:05:39.383325Z[0m [33m WARN[0m [1madd_friend[0m[1m{[0m[3mme[0m[2m=[0mPK|a8bb2256[1m}[0m[2m:[0m[1mstream_process_loop[0m[1m{[0m[3mtopic[0m[2m=[0m"Inbox(PK|286bf6b0)"[1m}[0m[2m:[0m [2mdashchat_node::node::stream_processing[0m[2m:[0m [2msrc/node/stream_processing.rs[0m[2m:[0m[2m149:[0m stream process loop ended
[2m2025-09-24T17:05:39.383325Z[0m [33m WARN[0m [1mnew[0m[1m{[0m[3mme[0m[2m=[0mPK|a8bb2256[1m}[0m[2m:[0m[1mstream_process_loop[0m[1m{[0m[3mtopic[0m[2m=[0m"Inbox(PK|a8bb2256)"[1m}[0m[2m:[0m [2mdashchat_node::node::stream_processing[0m[2m:[0m [2msrc/node/stream_processing.rs[0m[2m:[0m[2m149:[0m stream process loop ended

thread 'chat::tests::test_group_3' (1277360) panicked at src/chat/tests.rs:177:6:
called `Result::unwrap()` on an `Err` value: timeout
test chat::tests::test_group_3 ... FAILED

successes:

successes:

failures:

failures:
    chat::tests::test_group_3

test result: FAILED. 0 passed; 1 failed; 0 ignored; 0 measured; 1 filtered out; finished in 10.74s

error: test failed, to rerun pass `-p dashchat-node --lib`
